{"C:\\Applic\\Server\\DBNode-4.0.0-beta-3\\htdocs\\__Projects\\xassist\\submodules\\xassist-aggregator\\dist\\xassist-aggregator.js":{"path":"C:\\Applic\\Server\\DBNode-4.0.0-beta-3\\htdocs\\__Projects\\xassist\\submodules\\xassist-aggregator\\dist\\xassist-aggregator.js","s":{"1":1,"2":1,"3":1,"4":15,"5":11,"6":15,"7":11,"8":15,"9":5,"10":15,"11":12,"12":15,"13":1,"14":127,"15":127,"16":1,"17":91,"18":91,"19":1,"20":15,"21":15,"22":1,"23":13,"24":120,"25":13,"26":1,"27":11,"28":62,"29":11,"30":1,"31":1,"32":1,"33":2,"34":2,"35":1,"36":11,"37":1,"38":11,"39":1,"40":11,"41":1,"42":11,"43":2,"44":1,"45":2,"46":2,"47":1,"48":11,"49":1,"50":11,"51":1,"52":11,"53":1,"54":11,"55":2,"56":2,"57":8,"58":1,"59":12,"60":12,"61":12,"62":12,"63":12,"64":12,"65":1,"66":4,"67":4,"68":4,"69":4,"70":4,"71":4,"72":4,"73":1,"74":2,"75":2,"76":0,"77":2,"78":1,"79":6,"80":1,"81":6,"82":2,"83":2,"84":4,"85":1,"86":60,"87":60,"88":18,"89":42,"90":60,"91":1,"92":36,"93":36,"94":24,"95":24,"96":12,"97":12,"98":12,"99":66,"100":24,"101":36,"102":1,"103":6,"104":1,"105":2,"106":2,"107":1,"108":1,"109":1,"110":10,"111":1,"112":6,"113":2,"114":6,"115":1,"116":4,"117":4,"118":2,"119":2,"120":2,"121":2,"122":20,"123":2,"124":12,"125":2,"126":4,"127":4,"128":4,"129":4,"130":12,"131":72,"132":8,"133":64,"134":4,"135":60,"136":1,"137":2,"138":1,"139":1,"140":1,"141":1,"142":1,"143":1,"144":1,"145":1,"146":1,"147":1},"b":{"1":[1,0],"2":[1,1],"3":[0,0],"4":[0,0],"5":[0,0],"6":[15,3],"7":[15,3],"8":[15,5],"9":[15,5],"10":[1,1],"11":[11,6],"12":[11,6],"13":[11,6],"14":[11,6],"15":[1,1],"16":[11,6],"17":[11,6],"18":[11,6],"19":[11,6],"20":[1,1],"21":[6,1],"22":[6,1],"23":[18,42],"24":[24,12],"25":[12,12],"26":[24,42],"27":[1,1],"28":[2,2],"29":[4,3],"30":[1,1],"31":[2,1],"32":[4,2],"33":[4,2],"34":[4,2],"35":[8,64],"36":[4,60]},"f":{"1":1,"2":1,"3":15,"4":11,"5":11,"6":5,"7":12,"8":127,"9":91,"10":15,"11":13,"12":11,"13":1,"14":2,"15":11,"16":11,"17":11,"18":11,"19":2,"20":11,"21":11,"22":11,"23":11,"24":2,"25":8,"26":12,"27":4,"28":2,"29":0,"30":6,"31":6,"32":2,"33":4,"34":60,"35":36,"36":66,"37":6,"38":2,"39":10,"40":6,"41":6,"42":4,"43":20,"44":12,"45":12,"46":72,"47":2},"fnMap":{"1":{"name":"(anonymous_1)","line":7,"loc":{"start":{"line":7,"column":1},"end":{"line":7,"column":28}}},"2":{"name":"(anonymous_2)","line":11,"loc":{"start":{"line":11,"column":9},"end":{"line":11,"column":28}}},"3":{"name":"XaAggregator","line":13,"loc":{"start":{"line":13,"column":0},"end":{"line":13,"column":45}}},"4":{"name":"(anonymous_4)","line":14,"loc":{"start":{"line":14,"column":17},"end":{"line":14,"column":46}}},"5":{"name":"(anonymous_5)","line":15,"loc":{"start":{"line":15,"column":23},"end":{"line":15,"column":52}}},"6":{"name":"(anonymous_6)","line":16,"loc":{"start":{"line":16,"column":25},"end":{"line":16,"column":35}}},"7":{"name":"(anonymous_7)","line":17,"loc":{"start":{"line":17,"column":20},"end":{"line":17,"column":30}}},"8":{"name":"(anonymous_8)","line":21,"loc":{"start":{"line":21,"column":27},"end":{"line":21,"column":43}}},"9":{"name":"(anonymous_9)","line":25,"loc":{"start":{"line":25,"column":30},"end":{"line":25,"column":46}}},"10":{"name":"(anonymous_10)","line":30,"loc":{"start":{"line":30,"column":29},"end":{"line":30,"column":39}}},"11":{"name":"(anonymous_11)","line":34,"loc":{"start":{"line":34,"column":32},"end":{"line":34,"column":47}}},"12":{"name":"(anonymous_12)","line":40,"loc":{"start":{"line":40,"column":35},"end":{"line":40,"column":50}}},"13":{"name":"count","line":47,"loc":{"start":{"line":47,"column":0},"end":{"line":47,"column":16}}},"14":{"name":"sum","line":51,"loc":{"start":{"line":51,"column":0},"end":{"line":51,"column":18}}},"15":{"name":"(anonymous_15)","line":54,"loc":{"start":{"line":54,"column":6},"end":{"line":54,"column":19}}},"16":{"name":"(anonymous_16)","line":55,"loc":{"start":{"line":55,"column":9},"end":{"line":55,"column":22}}},"17":{"name":"(anonymous_17)","line":58,"loc":{"start":{"line":58,"column":6},"end":{"line":58,"column":19}}},"18":{"name":"(anonymous_18)","line":59,"loc":{"start":{"line":59,"column":9},"end":{"line":59,"column":22}}},"19":{"name":"average","line":69,"loc":{"start":{"line":69,"column":0},"end":{"line":69,"column":22}}},"20":{"name":"(anonymous_20)","line":72,"loc":{"start":{"line":72,"column":6},"end":{"line":72,"column":19}}},"21":{"name":"(anonymous_21)","line":73,"loc":{"start":{"line":73,"column":9},"end":{"line":73,"column":22}}},"22":{"name":"(anonymous_22)","line":76,"loc":{"start":{"line":76,"column":6},"end":{"line":76,"column":19}}},"23":{"name":"(anonymous_23)","line":77,"loc":{"start":{"line":77,"column":9},"end":{"line":77,"column":22}}},"24":{"name":"(anonymous_24)","line":80,"loc":{"start":{"line":80,"column":2},"end":{"line":80,"column":12}}},"25":{"name":"(anonymous_25)","line":86,"loc":{"start":{"line":86,"column":2},"end":{"line":86,"column":12}}},"26":{"name":"wellford","line":90,"loc":{"start":{"line":90,"column":0},"end":{"line":90,"column":41}}},"27":{"name":"getEstimatorsWelford","line":98,"loc":{"start":{"line":98,"column":0},"end":{"line":98,"column":32}}},"28":{"name":"simpleStats","line":116,"loc":{"start":{"line":116,"column":0},"end":{"line":116,"column":26}}},"29":{"name":"(anonymous_29)","line":121,"loc":{"start":{"line":121,"column":8},"end":{"line":121,"column":21}}},"30":{"name":"(anonymous_30)","line":123,"loc":{"start":{"line":123,"column":6},"end":{"line":123,"column":19}}},"31":{"name":"(anonymous_31)","line":126,"loc":{"start":{"line":126,"column":6},"end":{"line":126,"column":19}}},"32":{"name":"(anonymous_32)","line":129,"loc":{"start":{"line":129,"column":2},"end":{"line":129,"column":12}}},"33":{"name":"(anonymous_33)","line":137,"loc":{"start":{"line":137,"column":2},"end":{"line":137,"column":12}}},"34":{"name":"addCountUnique","line":141,"loc":{"start":{"line":141,"column":0},"end":{"line":141,"column":28}}},"35":{"name":"removeCountUnique","line":152,"loc":{"start":{"line":152,"column":0},"end":{"line":152,"column":31}}},"36":{"name":"(anonymous_36)","line":159,"loc":{"start":{"line":159,"column":18},"end":{"line":159,"column":37}}},"37":{"name":"initCountUnique","line":172,"loc":{"start":{"line":172,"column":0},"end":{"line":172,"column":26}}},"38":{"name":"countUnique","line":178,"loc":{"start":{"line":178,"column":0},"end":{"line":178,"column":26}}},"39":{"name":"(anonymous_39)","line":185,"loc":{"start":{"line":185,"column":6},"end":{"line":185,"column":19}}},"40":{"name":"(anonymous_40)","line":186,"loc":{"start":{"line":186,"column":9},"end":{"line":186,"column":22}}},"41":{"name":"(anonymous_41)","line":192,"loc":{"start":{"line":192,"column":2},"end":{"line":192,"column":12}}},"42":{"name":"listValues","line":198,"loc":{"start":{"line":198,"column":0},"end":{"line":198,"column":33}}},"43":{"name":"(anonymous_43)","line":210,"loc":{"start":{"line":210,"column":6},"end":{"line":210,"column":19}}},"44":{"name":"(anonymous_44)","line":211,"loc":{"start":{"line":211,"column":9},"end":{"line":211,"column":22}}},"45":{"name":"(anonymous_45)","line":221,"loc":{"start":{"line":221,"column":2},"end":{"line":221,"column":12}}},"46":{"name":"(anonymous_46)","line":222,"loc":{"start":{"line":222,"column":32},"end":{"line":222,"column":43}}},"47":{"name":"createAggregator","line":237,"loc":{"start":{"line":237,"column":0},"end":{"line":237,"column":49}}}},"statementMap":{"1":{"start":{"line":7,"column":0},"end":{"line":254,"column":5}},"2":{"start":{"line":8,"column":1},"end":{"line":10,"column":42}},"3":{"start":{"line":13,"column":0},"end":{"line":20,"column":1}},"4":{"start":{"line":14,"column":1},"end":{"line":14,"column":71}},"5":{"start":{"line":14,"column":47},"end":{"line":14,"column":69}},"6":{"start":{"line":15,"column":1},"end":{"line":15,"column":77}},"7":{"start":{"line":15,"column":53},"end":{"line":15,"column":75}},"8":{"start":{"line":16,"column":1},"end":{"line":16,"column":47}},"9":{"start":{"line":16,"column":36},"end":{"line":16,"column":45}},"10":{"start":{"line":17,"column":1},"end":{"line":17,"column":51}},"11":{"start":{"line":17,"column":31},"end":{"line":17,"column":49}},"12":{"start":{"line":19,"column":1},"end":{"line":19,"column":14}},"13":{"start":{"line":21,"column":0},"end":{"line":24,"column":2}},"14":{"start":{"line":22,"column":1},"end":{"line":22,"column":42}},"15":{"start":{"line":23,"column":1},"end":{"line":23,"column":13}},"16":{"start":{"line":25,"column":0},"end":{"line":29,"column":2}},"17":{"start":{"line":27,"column":1},"end":{"line":27,"column":45}},"18":{"start":{"line":28,"column":1},"end":{"line":28,"column":13}},"19":{"start":{"line":30,"column":0},"end":{"line":33,"column":2}},"20":{"start":{"line":31,"column":1},"end":{"line":31,"column":29}},"21":{"start":{"line":32,"column":1},"end":{"line":32,"column":13}},"22":{"start":{"line":34,"column":0},"end":{"line":39,"column":2}},"23":{"start":{"line":35,"column":1},"end":{"line":37,"column":2}},"24":{"start":{"line":36,"column":2},"end":{"line":36,"column":21}},"25":{"start":{"line":38,"column":1},"end":{"line":38,"column":13}},"26":{"start":{"line":40,"column":0},"end":{"line":45,"column":2}},"27":{"start":{"line":41,"column":1},"end":{"line":43,"column":2}},"28":{"start":{"line":42,"column":2},"end":{"line":42,"column":24}},"29":{"start":{"line":44,"column":1},"end":{"line":44,"column":13}},"30":{"start":{"line":47,"column":0},"end":{"line":49,"column":1}},"31":{"start":{"line":48,"column":1},"end":{"line":48,"column":27}},"32":{"start":{"line":51,"column":0},"end":{"line":62,"column":1}},"33":{"start":{"line":52,"column":1},"end":{"line":52,"column":16}},"34":{"start":{"line":53,"column":1},"end":{"line":60,"column":2}},"35":{"start":{"line":54,"column":2},"end":{"line":54,"column":39}},"36":{"start":{"line":54,"column":20},"end":{"line":54,"column":37}},"37":{"start":{"line":55,"column":2},"end":{"line":55,"column":42}},"38":{"start":{"line":55,"column":23},"end":{"line":55,"column":40}},"39":{"start":{"line":58,"column":2},"end":{"line":58,"column":45}},"40":{"start":{"line":58,"column":20},"end":{"line":58,"column":43}},"41":{"start":{"line":59,"column":2},"end":{"line":59,"column":48}},"42":{"start":{"line":59,"column":23},"end":{"line":59,"column":46}},"43":{"start":{"line":61,"column":1},"end":{"line":61,"column":37}},"44":{"start":{"line":69,"column":0},"end":{"line":88,"column":1}},"45":{"start":{"line":70,"column":1},"end":{"line":70,"column":16}},"46":{"start":{"line":71,"column":1},"end":{"line":78,"column":2}},"47":{"start":{"line":72,"column":2},"end":{"line":72,"column":61}},"48":{"start":{"line":72,"column":20},"end":{"line":72,"column":59}},"49":{"start":{"line":73,"column":2},"end":{"line":73,"column":64}},"50":{"start":{"line":73,"column":23},"end":{"line":73,"column":62}},"51":{"start":{"line":76,"column":2},"end":{"line":76,"column":67}},"52":{"start":{"line":76,"column":20},"end":{"line":76,"column":65}},"53":{"start":{"line":77,"column":2},"end":{"line":77,"column":70}},"54":{"start":{"line":77,"column":23},"end":{"line":77,"column":68}},"55":{"start":{"line":79,"column":1},"end":{"line":87,"column":3}},"56":{"start":{"line":81,"column":3},"end":{"line":84,"column":4}},"57":{"start":{"line":86,"column":13},"end":{"line":86,"column":49}},"58":{"start":{"line":90,"column":0},"end":{"line":97,"column":1}},"59":{"start":{"line":91,"column":1},"end":{"line":91,"column":35}},"60":{"start":{"line":92,"column":1},"end":{"line":92,"column":29}},"61":{"start":{"line":93,"column":1},"end":{"line":93,"column":17}},"62":{"start":{"line":94,"column":1},"end":{"line":94,"column":37}},"63":{"start":{"line":95,"column":1},"end":{"line":95,"column":46}},"64":{"start":{"line":96,"column":1},"end":{"line":96,"column":18}},"65":{"start":{"line":98,"column":0},"end":{"line":114,"column":1}},"66":{"start":{"line":99,"column":1},"end":{"line":99,"column":18}},"67":{"start":{"line":100,"column":1},"end":{"line":100,"column":9}},"68":{"start":{"line":101,"column":1},"end":{"line":101,"column":12}},"69":{"start":{"line":103,"column":1},"end":{"line":103,"column":13}},"70":{"start":{"line":104,"column":1},"end":{"line":104,"column":16}},"71":{"start":{"line":105,"column":1},"end":{"line":105,"column":19}},"72":{"start":{"line":106,"column":1},"end":{"line":113,"column":3}},"73":{"start":{"line":116,"column":0},"end":{"line":139,"column":1}},"74":{"start":{"line":120,"column":1},"end":{"line":120,"column":16}},"75":{"start":{"line":121,"column":1},"end":{"line":121,"column":63}},"76":{"start":{"line":121,"column":22},"end":{"line":121,"column":61}},"77":{"start":{"line":122,"column":1},"end":{"line":127,"column":2}},"78":{"start":{"line":123,"column":2},"end":{"line":123,"column":49}},"79":{"start":{"line":123,"column":20},"end":{"line":123,"column":47}},"80":{"start":{"line":126,"column":2},"end":{"line":126,"column":55}},"81":{"start":{"line":126,"column":20},"end":{"line":126,"column":53}},"82":{"start":{"line":128,"column":1},"end":{"line":138,"column":3}},"83":{"start":{"line":130,"column":3},"end":{"line":135,"column":4}},"84":{"start":{"line":137,"column":13},"end":{"line":137,"column":52}},"85":{"start":{"line":141,"column":0},"end":{"line":151,"column":1}},"86":{"start":{"line":142,"column":1},"end":{"line":142,"column":21}},"87":{"start":{"line":143,"column":1},"end":{"line":149,"column":2}},"88":{"start":{"line":144,"column":2},"end":{"line":144,"column":19}},"89":{"start":{"line":148,"column":2},"end":{"line":148,"column":39}},"90":{"start":{"line":150,"column":1},"end":{"line":150,"column":10}},"91":{"start":{"line":152,"column":0},"end":{"line":171,"column":1}},"92":{"start":{"line":153,"column":1},"end":{"line":153,"column":21}},"93":{"start":{"line":154,"column":1},"end":{"line":169,"column":2}},"94":{"start":{"line":155,"column":2},"end":{"line":155,"column":19}},"95":{"start":{"line":156,"column":2},"end":{"line":165,"column":3}},"96":{"start":{"line":157,"column":3},"end":{"line":157,"column":20}},"97":{"start":{"line":158,"column":3},"end":{"line":158,"column":25}},"98":{"start":{"line":159,"column":3},"end":{"line":164,"column":6}},"99":{"start":{"line":161,"column":4},"end":{"line":163,"column":5}},"100":{"start":{"line":162,"column":5},"end":{"line":162,"column":29}},"101":{"start":{"line":170,"column":1},"end":{"line":170,"column":10}},"102":{"start":{"line":172,"column":0},"end":{"line":177,"column":1}},"103":{"start":{"line":173,"column":1},"end":{"line":176,"column":2}},"104":{"start":{"line":178,"column":0},"end":{"line":196,"column":1}},"105":{"start":{"line":179,"column":1},"end":{"line":179,"column":16}},"106":{"start":{"line":180,"column":1},"end":{"line":187,"column":2}},"107":{"start":{"line":181,"column":2},"end":{"line":181,"column":21}},"108":{"start":{"line":182,"column":2},"end":{"line":182,"column":27}},"109":{"start":{"line":185,"column":2},"end":{"line":185,"column":55}},"110":{"start":{"line":185,"column":20},"end":{"line":185,"column":53}},"111":{"start":{"line":186,"column":2},"end":{"line":186,"column":61}},"112":{"start":{"line":186,"column":23},"end":{"line":186,"column":59}},"113":{"start":{"line":188,"column":1},"end":{"line":195,"column":3}},"114":{"start":{"line":193,"column":3},"end":{"line":193,"column":35}},"115":{"start":{"line":198,"column":0},"end":{"line":235,"column":1}},"116":{"start":{"line":199,"column":1},"end":{"line":203,"column":23}},"117":{"start":{"line":204,"column":1},"end":{"line":213,"column":2}},"118":{"start":{"line":205,"column":2},"end":{"line":205,"column":21}},"119":{"start":{"line":206,"column":2},"end":{"line":206,"column":27}},"120":{"start":{"line":207,"column":2},"end":{"line":207,"column":43}},"121":{"start":{"line":210,"column":2},"end":{"line":210,"column":55}},"122":{"start":{"line":210,"column":20},"end":{"line":210,"column":53}},"123":{"start":{"line":211,"column":2},"end":{"line":211,"column":61}},"124":{"start":{"line":211,"column":23},"end":{"line":211,"column":59}},"125":{"start":{"line":212,"column":2},"end":{"line":212,"column":22}},"126":{"start":{"line":214,"column":1},"end":{"line":214,"column":28}},"127":{"start":{"line":215,"column":1},"end":{"line":215,"column":43}},"128":{"start":{"line":216,"column":1},"end":{"line":216,"column":39}},"129":{"start":{"line":217,"column":1},"end":{"line":234,"column":3}},"130":{"start":{"line":222,"column":3},"end":{"line":232,"column":16}},"131":{"start":{"line":223,"column":4},"end":{"line":231,"column":5}},"132":{"start":{"line":224,"column":5},"end":{"line":224,"column":21}},"133":{"start":{"line":226,"column":9},"end":{"line":231,"column":5}},"134":{"start":{"line":227,"column":5},"end":{"line":227,"column":21}},"135":{"start":{"line":230,"column":5},"end":{"line":230,"column":17}},"136":{"start":{"line":237,"column":0},"end":{"line":239,"column":1}},"137":{"start":{"line":238,"column":1},"end":{"line":238,"column":49}},"138":{"start":{"line":241,"column":0},"end":{"line":241,"column":31}},"139":{"start":{"line":242,"column":0},"end":{"line":242,"column":34}},"140":{"start":{"line":243,"column":0},"end":{"line":243,"column":22}},"141":{"start":{"line":244,"column":0},"end":{"line":244,"column":34}},"142":{"start":{"line":245,"column":0},"end":{"line":245,"column":32}},"143":{"start":{"line":246,"column":0},"end":{"line":246,"column":18}},"144":{"start":{"line":247,"column":0},"end":{"line":247,"column":26}},"145":{"start":{"line":248,"column":0},"end":{"line":248,"column":40}},"146":{"start":{"line":250,"column":0},"end":{"line":250,"column":30}},"147":{"start":{"line":252,"column":0},"end":{"line":252,"column":62}}},"branchMap":{"1":{"line":8,"type":"cond-expr","locations":[{"start":{"line":8,"column":64},"end":{"line":8,"column":80}},{"start":{"line":9,"column":1},"end":{"line":10,"column":41}}]},"2":{"line":8,"type":"binary-expr","locations":[{"start":{"line":8,"column":1},"end":{"line":8,"column":28}},{"start":{"line":8,"column":32},"end":{"line":8,"column":61}}]},"3":{"line":9,"type":"cond-expr","locations":[{"start":{"line":9,"column":46},"end":{"line":9,"column":74}},{"start":{"line":10,"column":2},"end":{"line":10,"column":40}}]},"4":{"line":9,"type":"binary-expr","locations":[{"start":{"line":9,"column":1},"end":{"line":9,"column":29}},{"start":{"line":9,"column":33},"end":{"line":9,"column":43}}]},"5":{"line":10,"type":"binary-expr","locations":[{"start":{"line":10,"column":23},"end":{"line":10,"column":32}},{"start":{"line":10,"column":36},"end":{"line":10,"column":38}}]},"6":{"line":14,"type":"binary-expr","locations":[{"start":{"line":14,"column":12},"end":{"line":14,"column":15}},{"start":{"line":14,"column":17},"end":{"line":14,"column":70}}]},"7":{"line":15,"type":"binary-expr","locations":[{"start":{"line":15,"column":15},"end":{"line":15,"column":21}},{"start":{"line":15,"column":23},"end":{"line":15,"column":76}}]},"8":{"line":16,"type":"binary-expr","locations":[{"start":{"line":16,"column":16},"end":{"line":16,"column":23}},{"start":{"line":16,"column":25},"end":{"line":16,"column":46}}]},"9":{"line":17,"type":"binary-expr","locations":[{"start":{"line":17,"column":15},"end":{"line":17,"column":18}},{"start":{"line":17,"column":20},"end":{"line":17,"column":50}}]},"10":{"line":53,"type":"if","locations":[{"start":{"line":53,"column":1},"end":{"line":53,"column":1}},{"start":{"line":53,"column":1},"end":{"line":53,"column":1}}]},"11":{"line":54,"type":"binary-expr","locations":[{"start":{"line":54,"column":30},"end":{"line":54,"column":32}},{"start":{"line":54,"column":34},"end":{"line":54,"column":35}}]},"12":{"line":55,"type":"binary-expr","locations":[{"start":{"line":55,"column":33},"end":{"line":55,"column":35}},{"start":{"line":55,"column":37},"end":{"line":55,"column":38}}]},"13":{"line":58,"type":"binary-expr","locations":[{"start":{"line":58,"column":30},"end":{"line":58,"column":38}},{"start":{"line":58,"column":40},"end":{"line":58,"column":41}}]},"14":{"line":59,"type":"binary-expr","locations":[{"start":{"line":59,"column":33},"end":{"line":59,"column":41}},{"start":{"line":59,"column":43},"end":{"line":59,"column":44}}]},"15":{"line":71,"type":"if","locations":[{"start":{"line":71,"column":1},"end":{"line":71,"column":1}},{"start":{"line":71,"column":1},"end":{"line":71,"column":1}}]},"16":{"line":72,"type":"binary-expr","locations":[{"start":{"line":72,"column":39},"end":{"line":72,"column":41}},{"start":{"line":72,"column":43},"end":{"line":72,"column":44}}]},"17":{"line":73,"type":"binary-expr","locations":[{"start":{"line":73,"column":42},"end":{"line":73,"column":44}},{"start":{"line":73,"column":46},"end":{"line":73,"column":47}}]},"18":{"line":76,"type":"binary-expr","locations":[{"start":{"line":76,"column":39},"end":{"line":76,"column":47}},{"start":{"line":76,"column":49},"end":{"line":76,"column":50}}]},"19":{"line":77,"type":"binary-expr","locations":[{"start":{"line":77,"column":42},"end":{"line":77,"column":50}},{"start":{"line":77,"column":52},"end":{"line":77,"column":53}}]},"20":{"line":122,"type":"if","locations":[{"start":{"line":122,"column":1},"end":{"line":122,"column":1}},{"start":{"line":122,"column":1},"end":{"line":122,"column":1}}]},"21":{"line":123,"type":"binary-expr","locations":[{"start":{"line":123,"column":39},"end":{"line":123,"column":41}},{"start":{"line":123,"column":43},"end":{"line":123,"column":44}}]},"22":{"line":126,"type":"binary-expr","locations":[{"start":{"line":126,"column":39},"end":{"line":126,"column":47}},{"start":{"line":126,"column":49},"end":{"line":126,"column":50}}]},"23":{"line":143,"type":"if","locations":[{"start":{"line":143,"column":1},"end":{"line":143,"column":1}},{"start":{"line":143,"column":1},"end":{"line":143,"column":1}}]},"24":{"line":154,"type":"if","locations":[{"start":{"line":154,"column":1},"end":{"line":154,"column":1}},{"start":{"line":154,"column":1},"end":{"line":154,"column":1}}]},"25":{"line":156,"type":"if","locations":[{"start":{"line":156,"column":2},"end":{"line":156,"column":2}},{"start":{"line":156,"column":2},"end":{"line":156,"column":2}}]},"26":{"line":161,"type":"if","locations":[{"start":{"line":161,"column":4},"end":{"line":161,"column":4}},{"start":{"line":161,"column":4},"end":{"line":161,"column":4}}]},"27":{"line":180,"type":"if","locations":[{"start":{"line":180,"column":1},"end":{"line":180,"column":1}},{"start":{"line":180,"column":1},"end":{"line":180,"column":1}}]},"28":{"line":204,"type":"if","locations":[{"start":{"line":204,"column":1},"end":{"line":204,"column":1}},{"start":{"line":204,"column":1},"end":{"line":204,"column":1}}]},"29":{"line":204,"type":"binary-expr","locations":[{"start":{"line":204,"column":4},"end":{"line":204,"column":24}},{"start":{"line":204,"column":26},"end":{"line":204,"column":48}}]},"30":{"line":207,"type":"cond-expr","locations":[{"start":{"line":207,"column":34},"end":{"line":207,"column":38}},{"start":{"line":207,"column":39},"end":{"line":207,"column":41}}]},"31":{"line":212,"type":"binary-expr","locations":[{"start":{"line":212,"column":10},"end":{"line":212,"column":17}},{"start":{"line":212,"column":19},"end":{"line":212,"column":21}}]},"32":{"line":214,"type":"binary-expr","locations":[{"start":{"line":214,"column":5},"end":{"line":214,"column":22}},{"start":{"line":214,"column":24},"end":{"line":214,"column":27}}]},"33":{"line":215,"type":"binary-expr","locations":[{"start":{"line":215,"column":10},"end":{"line":215,"column":32}},{"start":{"line":215,"column":34},"end":{"line":215,"column":42}}]},"34":{"line":216,"type":"binary-expr","locations":[{"start":{"line":216,"column":10},"end":{"line":216,"column":28}},{"start":{"line":216,"column":30},"end":{"line":216,"column":38}}]},"35":{"line":223,"type":"if","locations":[{"start":{"line":223,"column":4},"end":{"line":223,"column":4}},{"start":{"line":223,"column":4},"end":{"line":223,"column":4}}]},"36":{"line":226,"type":"if","locations":[{"start":{"line":226,"column":9},"end":{"line":226,"column":9}},{"start":{"line":226,"column":9},"end":{"line":226,"column":9}}]}}}}