TN:
SF:C:\Applic\Server\DBNode-4.0.0-beta-3\htdocs\__Projects\xassist\submodules\xassist-aggregator\dist\xassist-aggregator.js
FN:7,(anonymous_1)
FN:11,(anonymous_2)
FN:13,XaAggregator
FN:14,(anonymous_4)
FN:15,(anonymous_5)
FN:16,(anonymous_6)
FN:17,(anonymous_7)
FN:21,(anonymous_8)
FN:25,(anonymous_9)
FN:30,(anonymous_10)
FN:34,(anonymous_11)
FN:40,(anonymous_12)
FN:47,count
FN:51,sum
FN:54,(anonymous_15)
FN:55,(anonymous_16)
FN:58,(anonymous_17)
FN:59,(anonymous_18)
FN:69,average
FN:72,(anonymous_20)
FN:73,(anonymous_21)
FN:76,(anonymous_22)
FN:77,(anonymous_23)
FN:80,(anonymous_24)
FN:86,(anonymous_25)
FN:90,wellford
FN:98,getEstimatorsWelford
FN:116,simpleStats
FN:121,(anonymous_29)
FN:123,(anonymous_30)
FN:126,(anonymous_31)
FN:129,(anonymous_32)
FN:137,(anonymous_33)
FN:141,addCountUnique
FN:152,removeCountUnique
FN:159,(anonymous_36)
FN:172,initCountUnique
FN:178,countUnique
FN:185,(anonymous_39)
FN:186,(anonymous_40)
FN:192,(anonymous_41)
FN:198,listValues
FN:210,(anonymous_43)
FN:211,(anonymous_44)
FN:221,(anonymous_45)
FN:222,(anonymous_46)
FN:237,createAggregator
FNF:47
FNH:46
FNDA:1,(anonymous_1)
FNDA:1,(anonymous_2)
FNDA:15,XaAggregator
FNDA:11,(anonymous_4)
FNDA:11,(anonymous_5)
FNDA:5,(anonymous_6)
FNDA:12,(anonymous_7)
FNDA:127,(anonymous_8)
FNDA:91,(anonymous_9)
FNDA:15,(anonymous_10)
FNDA:13,(anonymous_11)
FNDA:11,(anonymous_12)
FNDA:1,count
FNDA:2,sum
FNDA:11,(anonymous_15)
FNDA:11,(anonymous_16)
FNDA:11,(anonymous_17)
FNDA:11,(anonymous_18)
FNDA:2,average
FNDA:11,(anonymous_20)
FNDA:11,(anonymous_21)
FNDA:11,(anonymous_22)
FNDA:11,(anonymous_23)
FNDA:2,(anonymous_24)
FNDA:8,(anonymous_25)
FNDA:12,wellford
FNDA:4,getEstimatorsWelford
FNDA:2,simpleStats
FNDA:0,(anonymous_29)
FNDA:6,(anonymous_30)
FNDA:6,(anonymous_31)
FNDA:2,(anonymous_32)
FNDA:4,(anonymous_33)
FNDA:60,addCountUnique
FNDA:36,removeCountUnique
FNDA:66,(anonymous_36)
FNDA:6,initCountUnique
FNDA:2,countUnique
FNDA:10,(anonymous_39)
FNDA:6,(anonymous_40)
FNDA:6,(anonymous_41)
FNDA:4,listValues
FNDA:20,(anonymous_43)
FNDA:12,(anonymous_44)
FNDA:12,(anonymous_45)
FNDA:72,(anonymous_46)
FNDA:2,createAggregator
DA:7,1
DA:8,1
DA:13,1
DA:14,15
DA:15,15
DA:16,15
DA:17,15
DA:19,15
DA:21,1
DA:22,127
DA:23,127
DA:25,1
DA:27,91
DA:28,91
DA:30,1
DA:31,15
DA:32,15
DA:34,1
DA:35,13
DA:36,120
DA:38,13
DA:40,1
DA:41,11
DA:42,62
DA:44,11
DA:47,1
DA:48,1
DA:51,1
DA:52,2
DA:53,2
DA:54,11
DA:55,11
DA:58,11
DA:59,11
DA:61,2
DA:69,1
DA:70,2
DA:71,2
DA:72,11
DA:73,11
DA:76,11
DA:77,11
DA:79,2
DA:81,2
DA:86,8
DA:90,1
DA:91,12
DA:92,12
DA:93,12
DA:94,12
DA:95,12
DA:96,12
DA:98,1
DA:99,4
DA:100,4
DA:101,4
DA:103,4
DA:104,4
DA:105,4
DA:106,4
DA:116,1
DA:120,2
DA:121,2
DA:122,2
DA:123,6
DA:126,6
DA:128,2
DA:130,2
DA:137,4
DA:141,1
DA:142,60
DA:143,60
DA:144,18
DA:148,42
DA:150,60
DA:152,1
DA:153,36
DA:154,36
DA:155,24
DA:156,24
DA:157,12
DA:158,12
DA:159,12
DA:161,66
DA:162,24
DA:170,36
DA:172,1
DA:173,6
DA:178,1
DA:179,2
DA:180,2
DA:181,1
DA:182,1
DA:185,10
DA:186,6
DA:188,2
DA:193,6
DA:198,1
DA:199,4
DA:204,4
DA:205,2
DA:206,2
DA:207,2
DA:210,20
DA:211,12
DA:212,2
DA:214,4
DA:215,4
DA:216,4
DA:217,4
DA:222,12
DA:223,72
DA:224,8
DA:226,64
DA:227,4
DA:230,60
DA:237,1
DA:238,2
DA:241,1
DA:242,1
DA:243,1
DA:244,1
DA:245,1
DA:246,1
DA:247,1
DA:248,1
DA:250,1
DA:252,1
LF:128
LH:128
BRDA:8,1,0,1
BRDA:8,1,1,0
BRDA:8,2,0,1
BRDA:8,2,1,1
BRDA:9,3,0,0
BRDA:9,3,1,0
BRDA:9,4,0,0
BRDA:9,4,1,0
BRDA:10,5,0,0
BRDA:10,5,1,0
BRDA:14,6,0,15
BRDA:14,6,1,3
BRDA:15,7,0,15
BRDA:15,7,1,3
BRDA:16,8,0,15
BRDA:16,8,1,5
BRDA:17,9,0,15
BRDA:17,9,1,5
BRDA:53,10,0,1
BRDA:53,10,1,1
BRDA:54,11,0,11
BRDA:54,11,1,6
BRDA:55,12,0,11
BRDA:55,12,1,6
BRDA:58,13,0,11
BRDA:58,13,1,6
BRDA:59,14,0,11
BRDA:59,14,1,6
BRDA:71,15,0,1
BRDA:71,15,1,1
BRDA:72,16,0,11
BRDA:72,16,1,6
BRDA:73,17,0,11
BRDA:73,17,1,6
BRDA:76,18,0,11
BRDA:76,18,1,6
BRDA:77,19,0,11
BRDA:77,19,1,6
BRDA:122,20,0,1
BRDA:122,20,1,1
BRDA:123,21,0,6
BRDA:123,21,1,1
BRDA:126,22,0,6
BRDA:126,22,1,1
BRDA:143,23,0,18
BRDA:143,23,1,42
BRDA:154,24,0,24
BRDA:154,24,1,12
BRDA:156,25,0,12
BRDA:156,25,1,12
BRDA:161,26,0,24
BRDA:161,26,1,42
BRDA:180,27,0,1
BRDA:180,27,1,1
BRDA:204,28,0,2
BRDA:204,28,1,2
BRDA:204,29,0,4
BRDA:204,29,1,3
BRDA:207,30,0,1
BRDA:207,30,1,1
BRDA:212,31,0,2
BRDA:212,31,1,1
BRDA:214,32,0,4
BRDA:214,32,1,2
BRDA:215,33,0,4
BRDA:215,33,1,2
BRDA:216,34,0,4
BRDA:216,34,1,2
BRDA:223,35,0,8
BRDA:223,35,1,64
BRDA:226,36,0,4
BRDA:226,36,1,60
BRF:72
BRH:65
end_of_record
